<?xml version="1.0" encoding="UTF-8"?>
<testsuite xmlns:xsi="http://www.w3.org/2001/XMLSchema-instance" xsi:noNamespaceSchemaLocation="https://maven.apache.org/surefire/maven-surefire-plugin/xsd/surefire-test-report-3.0.xsd" version="3.0" name="com.empathy.ai.TestSuite" time="0.621" tests="21" errors="0" skipped="0" failures="0">
  <properties>
[...]
</properties>
  <testcase name="testAddMessages" classname="com.empathy.ai.TestSuite" time="0.13">
    <system-out><![CDATA[✓ Test 1: Add messages - PASSED
]]></system-out>
  </testcase>
  <testcase name="testModelSelectionPractical" classname="com.empathy.ai.TestSuite" time="0.001">
    <system-out><![CDATA[✓ Test 15: Model selection (practical) - PASSED
]]></system-out>
  </testcase>
  <testcase name="testGenerateCrisisResponse" classname="com.empathy.ai.TestSuite" time="0.0">
    <system-out><![CDATA[✓ Test 12: Generate crisis response - PASSED
]]></system-out>
  </testcase>
  <testcase name="testGetSafetyReport" classname="com.empathy.ai.TestSuite" time="0.02">
    <system-out><![CDATA[✓ Test 20: Get safety report - PASSED
]]></system-out>
  </testcase>
  <testcase name="testSessionSummary" classname="com.empathy.ai.TestSuite" time="0.004">
    <system-out><![CDATA[✓ Test 5: Get session summary - PASSED
]]></system-out>
  </testcase>
  <testcase name="testDetectIllegalActivity" classname="com.empathy.ai.TestSuite" time="0.013">
    <system-out><![CDATA[✓ Test 9: Detect illegal activity - PASSED
]]></system-out>
  </testcase>
  <testcase name="testGetModelInfo" classname="com.empathy.ai.TestSuite" time="0.001">
    <system-out><![CDATA[✓ Test 21: Get model info - PASSED
]]></system-out>
  </testcase>
  <testcase name="testFlaggedContentHandling" classname="com.empathy.ai.TestSuite" time="0.006">
    <system-out><![CDATA[✓ Test 19: Flagged content handling - PASSED
]]></system-out>
  </testcase>
  <testcase name="testDetectAbuse" classname="com.empathy.ai.TestSuite" time="0.003">
    <system-out><![CDATA[✓ Test 8: Detect abuse - PASSED
]]></system-out>
  </testcase>
  <testcase name="testSafeMessageProcessing" classname="com.empathy.ai.TestSuite" time="0.002">
    <system-out><![CDATA[✓ Test 17: Safe message processing - PASSED
]]></system-out>
  </testcase>
  <testcase name="testHistoryBuilding" classname="com.empathy.ai.TestSuite" time="0.012">
    <system-out><![CDATA[✓ Test 18: History building - PASSED
]]></system-out>
  </testcase>
  <testcase name="testSafeMessageDetection" classname="com.empathy.ai.TestSuite" time="0.009">
    <system-out><![CDATA[✓ Test 11: Safe message detection - PASSED
]]></system-out>
  </testcase>
  <testcase name="testGetUserMessages" classname="com.empathy.ai.TestSuite" time="0.004">
    <system-out><![CDATA[✓ Test 3: Get user messages - PASSED
]]></system-out>
  </testcase>
  <testcase name="testGetRecentContext" classname="com.empathy.ai.TestSuite" time="0.001">
    <system-out><![CDATA[✓ Test 2: Get recent context - PASSED
]]></system-out>
  </testcase>
  <testcase name="testModelSelectionEmotional" classname="com.empathy.ai.TestSuite" time="0.0">
    <system-out><![CDATA[✓ Test 14: Model selection (emotional) - PASSED
]]></system-out>
  </testcase>
  <testcase name="testDetectSelfHarm" classname="com.empathy.ai.TestSuite" time="0.002">
    <system-out><![CDATA[✓ Test 7: Detect self-harm - PASSED
]]></system-out>
  </testcase>
  <testcase name="testSaveAndLoadHistory" classname="com.empathy.ai.TestSuite" time="0.139">
    <system-out><![CDATA[✓ Test 6: Save and load history - PASSED
]]></system-out>
  </testcase>
  <testcase name="testFlagMessages" classname="com.empathy.ai.TestSuite" time="0.011">
    <system-out><![CDATA[✓ Test 4: Flag messages - PASSED
]]></system-out>
  </testcase>
  <testcase name="testDetectCrisisIndicators" classname="com.empathy.ai.TestSuite" time="0.01">
    <system-out><![CDATA[✓ Test 10: Detect crisis indicators - PASSED
]]></system-out>
  </testcase>
  <testcase name="testModelSelectionAnalytical" classname="com.empathy.ai.TestSuite" time="0.001">
    <system-out><![CDATA[✓ Test 16: Model selection (analytical) - PASSED
]]></system-out>
  </testcase>
  <testcase name="testFlagMessageRecording" classname="com.empathy.ai.TestSuite" time="0.002">
    <system-out><![CDATA[✓ Test 13: Flag message recording - PASSED
]]></system-out>
  </testcase>
</testsuite>